9: {0} (leaf)
9: {12} (leaf)
8: {0, 12}
8: {3} (leaf)
7: {0, 3, 12}
7: {17} (leaf)
6: {0, 3, 12, 17}
6: {21} (leaf)
5: {0, 3, 12, 17, 21}
5: {11} (leaf)
4: {0, 3, 11, 12, 17, 21}
4: {2} (leaf)
3: {0, 2, 3, 11, 12, 17, 21}
5: {4} (leaf)
5: {10} (leaf)
4: {4, 10}
4: {5} (leaf)
3: {4, 5, 10}
2: {0, 2, 3, 4, 5, 10, 11, 12, 17, 21}
3: {6} (leaf)
3: {16} (leaf)
2: {6, 16}
1: {0, 2, 3, 4, 5, 6, 10, 11, 12, 16, 17, 21}
3: {1} (leaf)
7: {8} (leaf)
12: {9} (leaf)
13: {13} (leaf)
20: {15} (leaf)
20: {33} (leaf)
19: {15, 33}
19: {18} (leaf)
18: {15, 18, 33}
18: {19} (leaf)
17: {15, 18, 19, 33}
17: {28} (leaf)
16: {15, 18, 19, 28, 33}
16: {30} (leaf)
15: {15, 18, 19, 28, 30, 33}
17: {29} (leaf)
17: {32} (leaf)
16: {29, 32}
16: {31} (leaf)
15: {29, 31, 32}
14: {15, 18, 19, 28, 29, 30, 31, 32, 33}
14: {27} (leaf)
13: {15, 18, 19, 27, 28, 29, 30, 31, 32, 33}
12: {13, 15, 18, 19, 27, 28, 29, 30, 31, 32, 33}
11: {9, 13, 15, 18, 19, 27, 28, 29, 30, 31, 32, 33}
11: {25} (leaf)
10: {9, 13, 15, 18, 19, 25, 27, 28, 29, 30, 31, 32, 33}
10: {14} (leaf)
9: {9, 13, 14, 15, 18, 19, 25, 27, 28, 29, 30, 31, 32, 33}
9: {22} (leaf)
8: {9, 13, 14, 15, 18, 19, 22, 25, 27, 28, 29, 30, 31, 32, 33}
8: {20} (leaf)
7: {9, 13, 14, 15, 18, 19, 20, 22, 25, 27, 28, 29, 30, 31, 32, 33}
6: {8, 9, 13, 14, 15, 18, 19, 20, 22, 25, 27, 28, 29, 30, 31, 32, 33}
6: {26} (leaf)
5: {8, 9, 13, 14, 15, 18, 19, 20, 22, 25, 26, 27, 28, 29, 30, 31, 32, 33}
5: {23} (leaf)
4: {8, 9, 13, 14, 15, 18, 19, 20, 22, 23, 25, 26, 27, 28, 29, 30, 31, 32, 33}
4: {24} (leaf)
3: {8, 9, 13, 14, 15, 18, 19, 20, 22, 23, 24, 25, 26, 27, 28, 29, 30, 31, 32, 33}
2: {1, 8, 9, 13, 14, 15, 18, 19, 20, 22, 23, 24, 25, 26, 27, 28, 29, 30, 31, 32, 33}
2: {7} (leaf)
1: {1, 7, 8, 9, 13, 14, 15, 18, 19, 20, 22, 23, 24, 25, 26, 27, 28, 29, 30, 31, 32, 33}
0: {0, 1, 2, 3, 4, 5, 6, 7, 8, 9, 10, 11, 12, 13, 14, 15, 16, 17, 18, 19, 20, 21, 22, 23, 24, 25, 26, 27, 28, 29, 30, 31, 32, 33}
